nohup: ignoring input
Forwarding from 127.0.0.1:3000 -> 3000
Forwarding from [::1]:3000 -> 3000
Handling connection for 3000
Handling connection for 3000
Handling connection for 3000
Handling connection for 3000
Handling connection for 3000
Handling connection for 3000
Handling connection for 3000
Handling connection for 3000
Handling connection for 3000
E0411 12:29:26.102429   18008 portforward.go:391] "Unhandled Error" err="error copying from remote stream to local connection: readfrom tcp6 [::1]:3000->[::1]:55077: write tcp6 [::1]:3000->[::1]:55077: wsasend: An established connection was aborted by the software in your host machine."
Handling connection for 3000
Handling connection for 3000
Handling connection for 3000
Handling connection for 3000
Handling connection for 3000
Handling connection for 3000
Handling connection for 3000
Handling connection for 3000
Handling connection for 3000
Handling connection for 3000
Handling connection for 3000
E0411 13:06:27.789056   18008 portforward.go:424] "Unhandled Error" err="an error occurred forwarding 3000 -> 3000: error forwarding port 3000 to pod 23a778b44c9b051e9239b7dc34ae00b92bf637e4f824648cc09eb9cfa70d0400, uid : network namespace for sandbox \"23a778b44c9b051e9239b7dc34ae00b92bf637e4f824648cc09eb9cfa70d0400\" is closed"
error: lost connection to pod
